{
  "host": "",
  "method": "",
  "results": [
    {
      "start_time": "2025-03-21T16:52:14.801461-04:00",
      "end_time": "2025-03-21T16:52:15.253672-04:00",
      "elapsed_time": 452210500,
      "worker_id": 0,
      "result_code": 200,
      "error": null,
      "target_url": "http://www.example.com",
      "method": "GET",
      "timeout": false,
      "bytes_sent": 18,
      "bytes_received": 1540
    },
    {
      "start_time": "2025-03-21T16:52:15.802403-04:00",
      "end_time": "2025-03-21T16:52:15.873354-04:00",
      "elapsed_time": 70950625,
      "worker_id": 1,
      "result_code": 200,
      "error": null,
      "target_url": "http://www.example.com",
      "method": "GET",
      "timeout": false,
      "bytes_sent": 18,
      "bytes_received": 1540
    },
    {
      "start_time": "2025-03-21T16:52:16.802372-04:00",
      "end_time": "2025-03-21T16:52:16.869816-04:00",
      "elapsed_time": 67443917,
      "worker_id": 2,
      "result_code": 200,
      "error": null,
      "target_url": "http://www.example.com",
      "method": "GET",
      "timeout": false,
      "bytes_sent": 18,
      "bytes_received": 1540
    },
    {
      "start_time": "2025-03-21T16:52:17.802424-04:00",
      "end_time": "2025-03-21T16:52:17.895529-04:00",
      "elapsed_time": 93104792,
      "worker_id": 3,
      "result_code": 200,
      "error": null,
      "target_url": "http://www.example.com",
      "method": "GET",
      "timeout": false,
      "bytes_sent": 18,
      "bytes_received": 1540
    }
  ],
  "error_breakdown": {
    "server_errors": 0,
    "client_errors": 0
  },
  "latency": {
    "min": "67.443917ms",
    "max": "452.2105ms",
    "avg": "170.927458ms",
    "p50": "93.104792ms",
    "p95": "452.2105ms",
    "p99": "452.2105ms"
  },
  "throughput": {
    "total_bytes_sent": 72,
    "total_bytes_received": 6160,
    "bytes_sent_per_second": 105.30783150911941,
    "bytes_received_per_second": 9009.67002911355
  },
  "status_codes": {
    "200": 4,
    "201": 0,
    "204": 0,
    "400": 0,
    "403": 0,
    "404": 0,
    "408": 0,
    "429": 0,
    "500": 0,
    "502": 0,
    "503": 0,
    "504": 0
  },
  "total_requests": 4,
  "success": 4,
  "failures": 0,
  "start_time": "",
  "end_time": "",
  "duration": 0
}
{
  "host": "",
  "method": "",
  "results": [
    {
      "start_time": "2025-03-21T16:53:05.019813-04:00",
      "end_time": "2025-03-21T16:53:05.173181-04:00",
      "elapsed_time": 153367792,
      "worker_id": 3,
      "result_code": 200,
      "error": null,
      "target_url": "http://www.example.com",
      "method": "GET",
      "timeout": false,
      "bytes_sent": 18,
      "bytes_received": 1541
    },
    {
      "start_time": "2025-03-21T16:53:06.020782-04:00",
      "end_time": "2025-03-21T16:53:06.073494-04:00",
      "elapsed_time": 52711125,
      "worker_id": 0,
      "result_code": 200,
      "error": null,
      "target_url": "http://www.example.com",
      "method": "GET",
      "timeout": false,
      "bytes_sent": 18,
      "bytes_received": 1541
    },
    {
      "start_time": "2025-03-21T16:53:07.020789-04:00",
      "end_time": "2025-03-21T16:53:07.075456-04:00",
      "elapsed_time": 54667000,
      "worker_id": 1,
      "result_code": 200,
      "error": null,
      "target_url": "http://www.example.com",
      "method": "GET",
      "timeout": false,
      "bytes_sent": 18,
      "bytes_received": 1541
    },
    {
      "start_time": "2025-03-21T16:53:08.020826-04:00",
      "end_time": "2025-03-21T16:53:08.067931-04:00",
      "elapsed_time": 47105500,
      "worker_id": 4,
      "result_code": 200,
      "error": null,
      "target_url": "http://www.example.com",
      "method": "GET",
      "timeout": false,
      "bytes_sent": 18,
      "bytes_received": 1541
    }
  ],
  "error_breakdown": {
    "server_errors": 0,
    "client_errors": 0
  },
  "latency": {
    "min": "47.1055ms",
    "max": "153.367792ms",
    "avg": "76.962854ms",
    "p50": "54.667ms",
    "p95": "153.367792ms",
    "p99": "153.367792ms"
  },
  "throughput": {
    "total_bytes_sent": 72,
    "total_bytes_received": 6164,
    "bytes_sent_per_second": 233.87905991025534,
    "bytes_received_per_second": 20022.64618453908
  },
  "status_codes": {
    "200": 4,
    "201": 0,
    "204": 0,
    "400": 0,
    "403": 0,
    "404": 0,
    "408": 0,
    "429": 0,
    "500": 0,
    "502": 0,
    "503": 0,
    "504": 0
  },
  "total_requests": 4,
  "success": 4,
  "failures": 0,
  "start_time": "",
  "end_time": "",
  "duration": 0
}
{
  "host": "",
  "method": "",
  "results": [
    {
      "start_time": "2025-03-21T16:54:54.760883-04:00",
      "end_time": "2025-03-21T16:54:55.22953-04:00",
      "elapsed_time": 468646833,
      "worker_id": 3,
      "result_code": 200,
      "error": null,
      "target_url": "https://8.8.8.8",
      "method": "GET",
      "timeout": false,
      "bytes_sent": 18,
      "bytes_received": 2421
    },
    {
      "start_time": "2025-03-21T16:54:55.761895-04:00",
      "end_time": "2025-03-21T16:54:55.878264-04:00",
      "elapsed_time": 116369709,
      "worker_id": 0,
      "result_code": 200,
      "error": null,
      "target_url": "https://8.8.8.8",
      "method": "GET",
      "timeout": false,
      "bytes_sent": 18,
      "bytes_received": 2421
    },
    {
      "start_time": "2025-03-21T16:54:56.761824-04:00",
      "end_time": "2025-03-21T16:54:56.877498-04:00",
      "elapsed_time": 115674917,
      "worker_id": 1,
      "result_code": 200,
      "error": null,
      "target_url": "https://8.8.8.8",
      "method": "GET",
      "timeout": false,
      "bytes_sent": 18,
      "bytes_received": 2421
    },
    {
      "start_time": "2025-03-21T16:54:57.761676-04:00",
      "end_time": "2025-03-21T16:54:57.878892-04:00",
      "elapsed_time": 117216042,
      "worker_id": 2,
      "result_code": 200,
      "error": null,
      "target_url": "https://8.8.8.8",
      "method": "GET",
      "timeout": false,
      "bytes_sent": 18,
      "bytes_received": 2421
    }
  ],
  "error_breakdown": {
    "server_errors": 0,
    "client_errors": 0
  },
  "latency": {
    "min": "115.674917ms",
    "max": "468.646833ms",
    "avg": "204.476875ms",
    "p50": "117.216042ms",
    "p95": "468.646833ms",
    "p99": "468.646833ms"
  },
  "throughput": {
    "total_bytes_sent": 72,
    "total_bytes_received": 9684,
    "bytes_sent_per_second": 88.02951423231904,
    "bytes_received_per_second": 11839.969664246912
  },
  "status_codes": {
    "200": 4,
    "201": 0,
    "204": 0,
    "400": 0,
    "403": 0,
    "404": 0,
    "408": 0,
    "429": 0,
    "500": 0,
    "502": 0,
    "503": 0,
    "504": 0
  },
  "total_requests": 4,
  "success": 4,
  "failures": 0,
  "start_time": "",
  "end_time": "",
  "duration": 0
}
{
  "host": "",
  "method": "",
  "results": [
    {
      "start_time": "2025-03-21T16:55:28.781816-04:00",
      "end_time": "2025-03-21T16:55:29.137973-04:00",
      "elapsed_time": 356157417,
      "worker_id": 1,
      "result_code": 200,
      "error": null,
      "target_url": "https://8.8.8.8",
      "method": "GET",
      "timeout": false,
      "bytes_sent": 18,
      "bytes_received": 2421
    },
    {
      "start_time": "2025-03-21T16:55:29.782682-04:00",
      "end_time": "2025-03-21T16:55:29.894302-04:00",
      "elapsed_time": 111619625,
      "worker_id": 0,
      "result_code": 200,
      "error": null,
      "target_url": "https://8.8.8.8",
      "method": "GET",
      "timeout": false,
      "bytes_sent": 18,
      "bytes_received": 2421
    },
    {
      "start_time": "2025-03-21T16:55:30.782738-04:00",
      "end_time": "2025-03-21T16:55:30.906865-04:00",
      "elapsed_time": 124126833,
      "worker_id": 4,
      "result_code": 200,
      "error": null,
      "target_url": "https://8.8.8.8",
      "method": "GET",
      "timeout": false,
      "bytes_sent": 18,
      "bytes_received": 2421
    },
    {
      "start_time": "2025-03-21T16:55:31.78267-04:00",
      "end_time": "2025-03-21T16:55:31.903817-04:00",
      "elapsed_time": 121147500,
      "worker_id": 2,
      "result_code": 200,
      "error": null,
      "target_url": "https://8.8.8.8",
      "method": "GET",
      "timeout": false,
      "bytes_sent": 18,
      "bytes_received": 2421
    }
  ],
  "error_breakdown": {
    "server_errors": 0,
    "client_errors": 0
  },
  "latency": {
    "min": "111.619625ms",
    "max": "356.157417ms",
    "avg": "178.262843ms",
    "p50": "124.126833ms",
    "p95": "356.157417ms",
    "p99": "356.157417ms"
  },
  "throughput": {
    "total_bytes_sent": 72,
    "total_bytes_received": 9684,
    "bytes_sent_per_second": 100.97449149438916,
    "bytes_received_per_second": 13581.069105995342
  },
  "status_codes": {
    "200": 4,
    "201": 0,
    "204": 0,
    "400": 0,
    "403": 0,
    "404": 0,
    "408": 0,
    "429": 0,
    "500": 0,
    "502": 0,
    "503": 0,
    "504": 0
  },
  "total_requests": 4,
  "success": 4,
  "failures": 0,
  "start_time": "",
  "end_time": "",
  "duration": 0
}
{
  "host": "",
  "method": "",
  "results": [
    {
      "start_time": "2025-03-21T16:55:38.751552-04:00",
      "end_time": "2025-03-21T16:55:39.103853-04:00",
      "elapsed_time": 352300500,
      "worker_id": 3,
      "result_code": 200,
      "error": null,
      "target_url": "https://8.8.8.8",
      "method": "GET",
      "timeout": false,
      "bytes_sent": 18,
      "bytes_received": 2421
    },
    {
      "start_time": "2025-03-21T16:55:39.752622-04:00",
      "end_time": "2025-03-21T16:55:39.865622-04:00",
      "elapsed_time": 113000125,
      "worker_id": 0,
      "result_code": 200,
      "error": null,
      "target_url": "https://8.8.8.8",
      "method": "GET",
      "timeout": false,
      "bytes_sent": 18,
      "bytes_received": 2421
    },
    {
      "start_time": "2025-03-21T16:55:40.752555-04:00",
      "end_time": "2025-03-21T16:55:40.862392-04:00",
      "elapsed_time": 109837208,
      "worker_id": 1,
      "result_code": 200,
      "error": null,
      "target_url": "https://8.8.8.8",
      "method": "GET",
      "timeout": false,
      "bytes_sent": 18,
      "bytes_received": 2421
    },
    {
      "start_time": "2025-03-21T16:55:41.751908-04:00",
      "end_time": "2025-03-21T16:55:41.924297-04:00",
      "elapsed_time": 172388667,
      "worker_id": 2,
      "result_code": 200,
      "error": null,
      "target_url": "https://8.8.8.8",
      "method": "GET",
      "timeout": false,
      "bytes_sent": 18,
      "bytes_received": 2421
    }
  ],
  "error_breakdown": {
    "server_errors": 0,
    "client_errors": 0
  },
  "latency": {
    "min": "109.837208ms",
    "max": "352.3005ms",
    "avg": "186.881625ms",
    "p50": "172.388667ms",
    "p95": "352.3005ms",
    "p99": "352.3005ms"
  },
  "throughput": {
    "total_bytes_sent": 72,
    "total_bytes_received": 9684,
    "bytes_sent_per_second": 96.31765562826202,
    "bytes_received_per_second": 12954.72468200124
  },
  "status_codes": {
    "200": 4,
    "201": 0,
    "204": 0,
    "400": 0,
    "403": 0,
    "404": 0,
    "408": 0,
    "429": 0,
    "500": 0,
    "502": 0,
    "503": 0,
    "504": 0
  },
  "total_requests": 4,
  "success": 4,
  "failures": 0,
  "start_time": "",
  "end_time": "",
  "duration": 0
}
{
  "host": "",
  "method": "",
  "results": [
    {
      "start_time": "2025-03-21T16:55:49.431738-04:00",
      "end_time": "2025-03-21T16:55:49.797891-04:00",
      "elapsed_time": 366152584,
      "worker_id": 0,
      "result_code": 200,
      "error": null,
      "target_url": "https://8.8.8.8",
      "method": "GET",
      "timeout": false,
      "bytes_sent": 18,
      "bytes_received": 2421
    },
    {
      "start_time": "2025-03-21T16:55:50.432338-04:00",
      "end_time": "2025-03-21T16:55:50.544473-04:00",
      "elapsed_time": 112135042,
      "worker_id": 6,
      "result_code": 200,
      "error": null,
      "target_url": "https://8.8.8.8",
      "method": "GET",
      "timeout": false,
      "bytes_sent": 18,
      "bytes_received": 2421
    },
    {
      "start_time": "2025-03-21T16:55:51.432675-04:00",
      "end_time": "2025-03-21T16:55:51.545101-04:00",
      "elapsed_time": 112426375,
      "worker_id": 7,
      "result_code": 200,
      "error": null,
      "target_url": "https://8.8.8.8",
      "method": "GET",
      "timeout": false,
      "bytes_sent": 18,
      "bytes_received": 2421
    },
    {
      "start_time": "2025-03-21T16:55:52.431849-04:00",
      "end_time": "2025-03-21T16:55:52.554926-04:00",
      "elapsed_time": 123077542,
      "worker_id": 8,
      "result_code": 200,
      "error": null,
      "target_url": "https://8.8.8.8",
      "method": "GET",
      "timeout": false,
      "bytes_sent": 18,
      "bytes_received": 2421
    }
  ],
  "error_breakdown": {
    "server_errors": 0,
    "client_errors": 0
  },
  "latency": {
    "min": "112.135042ms",
    "max": "366.152584ms",
    "avg": "178.447885ms",
    "p50": "123.077542ms",
    "p95": "366.152584ms",
    "p99": "366.152584ms"
  },
  "throughput": {
    "total_bytes_sent": 72,
    "total_bytes_received": 9684,
    "bytes_sent_per_second": 100.86978573238713,
    "bytes_received_per_second": 13566.98618100607
  },
  "status_codes": {
    "200": 4,
    "201": 0,
    "204": 0,
    "400": 0,
    "403": 0,
    "404": 0,
    "408": 0,
    "429": 0,
    "500": 0,
    "502": 0,
    "503": 0,
    "504": 0
  },
  "total_requests": 4,
  "success": 4,
  "failures": 0,
  "start_time": "",
  "end_time": "",
  "duration": 0
}
